2021-01-28 11:37:26,041 - INFO - <PreparedRequest [POST]> /login | Received: HTTP 200 | Response text omitted to avoid logging sensitive data
2021-01-28 11:37:26,046 - INFO - <PreparedRequest [GET]> /gms | Received: HTTP 200 | Response text omitted to avoid logging sensitive data
2021-01-28 11:37:26,137 - INFO - <PreparedRequest [POST]> /gms | Received: HTTP 200 | Response text omitted to avoid logging sensitive data
2021-01-28 11:37:33,207 - INFO - <PreparedRequest [POST]> /saveChanges | Received: HTTP 200 | Response text omitted to avoid logging sensitive data
2021-01-28 11:37:40,221 - INFO - <PreparedRequest [GET]> /gms | Received: HTTP 200 | Response text omitted to avoid logging sensitive data
2021-01-28 11:37:40,227 - INFO - <PreparedRequest [GET]> /logout | Received: HTTP 200 | Response text omitted to avoid logging sensitive data
2021-01-28 11:38:46,495 - INFO - <PreparedRequest [POST]> /login | Received: HTTP 200 | Response text omitted to avoid logging sensitive data
2021-01-28 11:38:46,503 - INFO - <PreparedRequest [GET]> /gms | Received: HTTP 200 | Response text omitted to avoid logging sensitive data
2021-01-28 11:38:46,544 - INFO - <PreparedRequest [POST]> /gms | Received: HTTP 200 | Response text omitted to avoid logging sensitive data
2021-01-28 11:38:53,617 - INFO - <PreparedRequest [POST]> /saveChanges | Received: HTTP 200 | Response text omitted to avoid logging sensitive data
2021-01-28 11:39:00,633 - INFO - <PreparedRequest [GET]> /gms | Received: HTTP 200 | Response text omitted to avoid logging sensitive data
2021-01-28 11:39:00,638 - INFO - <PreparedRequest [GET]> /logout | Received: HTTP 200 | Response text omitted to avoid logging sensitive data
2021-01-28 11:39:40,753 - INFO - <PreparedRequest [POST]> /login | Received: HTTP 200 | Response text omitted to avoid logging sensitive data
2021-01-28 11:39:40,759 - INFO - <PreparedRequest [GET]> /gms | Received: HTTP 200 | Response text omitted to avoid logging sensitive data
2021-01-28 11:39:40,789 - INFO - <PreparedRequest [POST]> /gms | Received: HTTP 200 | Response text omitted to avoid logging sensitive data
2021-01-28 11:39:47,828 - INFO - <PreparedRequest [POST]> /saveChanges | Received: HTTP 200 | Response text omitted to avoid logging sensitive data
2021-01-28 11:39:54,840 - INFO - <PreparedRequest [GET]> /gms | Received: HTTP 200 | Response text omitted to avoid logging sensitive data
2021-01-28 11:39:54,846 - INFO - <PreparedRequest [GET]> /logout | Received: HTTP 200 | Response text omitted to avoid logging sensitive data
2021-01-28 11:42:26,633 - INFO - <PreparedRequest [POST]> /login | Received: HTTP 200 | Response text omitted to avoid logging sensitive data
2021-01-28 11:42:26,639 - INFO - <PreparedRequest [GET]> /gms | Received: HTTP 200 | Response text omitted to avoid logging sensitive data
2021-01-28 11:42:26,671 - INFO - <PreparedRequest [POST]> /gms | Received: HTTP 200 | Response text omitted to avoid logging sensitive data
2021-01-28 11:42:33,750 - INFO - <PreparedRequest [POST]> /saveChanges | Received: HTTP 200 | Response text omitted to avoid logging sensitive data
2021-01-28 11:42:40,762 - INFO - <PreparedRequest [GET]> /gms | Received: HTTP 200 | Response text omitted to avoid logging sensitive data
2021-01-28 11:42:40,778 - INFO - <PreparedRequest [GET]> /logout | Received: HTTP 200 | Response text omitted to avoid logging sensitive data
2021-01-28 11:43:01,007 - INFO - <PreparedRequest [POST]> /login | Received: HTTP 200 | Response text omitted to avoid logging sensitive data
2021-01-28 11:43:01,012 - INFO - <PreparedRequest [GET]> /gms | Received: HTTP 200 | Response text omitted to avoid logging sensitive data
2021-01-28 11:47:51,331 - INFO - <PreparedRequest [POST]> /login | Received: HTTP 200 | Response text omitted to avoid logging sensitive data
2021-01-28 11:47:51,338 - INFO - <PreparedRequest [GET]> /gms | Received: HTTP 200 | Response text omitted to avoid logging sensitive data
2021-01-28 11:47:51,344 - INFO - <PreparedRequest [GET]> /spPortal/register | Received: HTTP 200 | Response text omitted to avoid logging sensitive data
2021-01-28 11:47:51,373 - INFO - <PreparedRequest [POST]> /gms | Received: HTTP 200 | Response text omitted to avoid logging sensitive data
2021-01-28 11:47:51,414 - INFO - <PreparedRequest [POST]> /spPortal/register | Received: HTTP 200 | Response text omitted to avoid logging sensitive data
2021-01-28 11:47:58,455 - INFO - <PreparedRequest [POST]> /saveChanges | Received: HTTP 200 | Response text omitted to avoid logging sensitive data
2021-01-28 11:48:05,469 - INFO - <PreparedRequest [GET]> /gms | Received: HTTP 200 | Response text omitted to avoid logging sensitive data
2021-01-28 11:48:06,008 - INFO - <PreparedRequest [GET]> /logout | Received: HTTP 200 | Response text omitted to avoid logging sensitive data
2021-01-28 11:49:47,712 - INFO - <PreparedRequest [POST]> /login | Received: HTTP 200 | Response text omitted to avoid logging sensitive data
2021-01-28 11:49:47,718 - INFO - <PreparedRequest [GET]> /gms | Received: HTTP 200 | Response text omitted to avoid logging sensitive data
2021-01-28 11:49:47,723 - INFO - <PreparedRequest [GET]> /spPortal/register | Received: HTTP 200 | Response text omitted to avoid logging sensitive data
2021-01-28 11:49:47,751 - INFO - <PreparedRequest [POST]> /gms | Received: HTTP 200 | Response text omitted to avoid logging sensitive data
2021-01-28 11:49:47,779 - INFO - <PreparedRequest [POST]> /spPortal/register | Received: HTTP 200 | Response text omitted to avoid logging sensitive data
2021-01-28 11:49:54,822 - INFO - <PreparedRequest [POST]> /saveChanges | Received: HTTP 200 | Response text omitted to avoid logging sensitive data
2021-01-28 11:50:01,833 - INFO - <PreparedRequest [GET]> /gms | Received: HTTP 200 | Response text omitted to avoid logging sensitive data
2021-01-28 11:50:02,131 - INFO - <PreparedRequest [GET]> /spPortal/register | Received: HTTP 200 | Response text omitted to avoid logging sensitive data
2021-01-28 11:50:02,145 - INFO - <PreparedRequest [GET]> /logout | Received: HTTP 200 | Response text omitted to avoid logging sensitive data
2021-01-28 11:50:55,753 - INFO - <PreparedRequest [POST]> /login | Received: HTTP 200 | Response text omitted to avoid logging sensitive data
2021-01-28 11:51:01,647 - INFO - <PreparedRequest [GET]> /interfaces | Received: HTTP 200 | Response text omitted to avoid logging sensitive data
2021-01-28 11:51:01,652 - INFO - <PreparedRequest [POST]> /networkInterfaces | Received: HTTP 200 | Response text omitted to avoid logging sensitive data
2021-01-28 11:51:31,755 - INFO - <PreparedRequest [POST]> /saveChanges | Received: HTTP 200 | Response text omitted to avoid logging sensitive data
2021-01-28 11:51:31,761 - INFO - <PreparedRequest [GET]> /license/isRebootRequired | Received: HTTP 200 | Response text omitted to avoid logging sensitive data
2021-01-28 11:51:31,765 - INFO - <PreparedRequest [GET]> /logout | Received: HTTP 200 | Response text omitted to avoid logging sensitive data
2021-01-28 11:56:41,629 - INFO - <PreparedRequest [POST]> /login | Received: HTTP 200 | Response text omitted to avoid logging sensitive data
2021-01-28 11:56:47,517 - INFO - <PreparedRequest [GET]> /interfaces | Received: HTTP 200 | Response text omitted to avoid logging sensitive data
2021-01-28 11:56:47,522 - INFO - <PreparedRequest [POST]> /networkInterfaces | Received: HTTP 200 | Response text omitted to avoid logging sensitive data
2021-01-28 11:57:17,611 - INFO - <PreparedRequest [POST]> /saveChanges | Received: HTTP 200 | Response text omitted to avoid logging sensitive data
2021-01-28 11:57:17,616 - INFO - <PreparedRequest [GET]> /license/isRebootRequired | Received: HTTP 200 | Response text omitted to avoid logging sensitive data
2021-01-28 11:57:17,620 - INFO - <PreparedRequest [POST]> /reboot | Received: HTTP 200 | Response text omitted to avoid logging sensitive data
